2022/10/27 23:29:51 [emerg] 1#1: host not found in upstream "discuz" in /etc/nginx/conf.d/default.conf:52
2022/10/27 23:29:54 [emerg] 1#1: cannot load certificate "/etc/ssl/fullchain.pem": BIO_new_file() failed (SSL: error:02001002:system library:fopen:No such file or directory:fopen('/etc/ssl/fullchain.pem','r') error:2006D080:BIO routines:BIO_new_file:no such file)
2022/10/27 23:29:55 [emerg] 1#1: host not found in upstream "discuz" in /etc/nginx/conf.d/default.conf:52
2022/10/27 23:30:00 [emerg] 1#1: host not found in upstream "discuz" in /etc/nginx/conf.d/default.conf:52
2022/10/27 23:30:05 [emerg] 1#1: host not found in upstream "discuz" in /etc/nginx/conf.d/default.conf:52
2022/10/27 23:30:09 [emerg] 1#1: cannot load certificate "/etc/ssl/fullchain.pem": BIO_new_file() failed (SSL: error:02001002:system library:fopen:No such file or directory:fopen('/etc/ssl/fullchain.pem','r') error:2006D080:BIO routines:BIO_new_file:no such file)
2022/10/27 23:30:15 [emerg] 1#1: host not found in upstream "discuz" in /etc/nginx/conf.d/default.conf:52
2022/10/27 23:30:22 [emerg] 1#1: host not found in upstream "discuz" in /etc/nginx/conf.d/default.conf:52
2022/10/27 23:30:35 [emerg] 1#1: host not found in upstream "discuz" in /etc/nginx/conf.d/default.conf:52
2022/10/27 23:31:01 [emerg] 1#1: host not found in upstream "discuz" in /etc/nginx/conf.d/default.conf:52
2022/10/27 23:31:53 [emerg] 1#1: host not found in upstream "discuz" in /etc/nginx/conf.d/default.conf:52
2022/10/27 23:32:50 [emerg] 1#1: cannot load certificate "/etc/ssl/fullchain.pem": BIO_new_file() failed (SSL: error:02001002:system library:fopen:No such file or directory:fopen('/etc/ssl/fullchain.pem','r') error:2006D080:BIO routines:BIO_new_file:no such file)
2022/10/27 23:32:51 [emerg] 1#1: cannot load certificate "/etc/ssl/fullchain.pem": BIO_new_file() failed (SSL: error:02001002:system library:fopen:No such file or directory:fopen('/etc/ssl/fullchain.pem','r') error:2006D080:BIO routines:BIO_new_file:no such file)
2022/10/27 23:32:52 [emerg] 1#1: cannot load certificate "/etc/ssl/fullchain.pem": BIO_new_file() failed (SSL: error:02001002:system library:fopen:No such file or directory:fopen('/etc/ssl/fullchain.pem','r') error:2006D080:BIO routines:BIO_new_file:no such file)
2022/10/27 23:32:53 [emerg] 1#1: cannot load certificate "/etc/ssl/fullchain.pem": BIO_new_file() failed (SSL: error:02001002:system library:fopen:No such file or directory:fopen('/etc/ssl/fullchain.pem','r') error:2006D080:BIO routines:BIO_new_file:no such file)
2022/10/27 23:32:55 [emerg] 1#1: cannot load certificate "/etc/ssl/fullchain.pem": BIO_new_file() failed (SSL: error:02001002:system library:fopen:No such file or directory:fopen('/etc/ssl/fullchain.pem','r') error:2006D080:BIO routines:BIO_new_file:no such file)
2022/10/27 23:32:57 [emerg] 1#1: cannot load certificate "/etc/ssl/fullchain.pem": BIO_new_file() failed (SSL: error:02001002:system library:fopen:No such file or directory:fopen('/etc/ssl/fullchain.pem','r') error:2006D080:BIO routines:BIO_new_file:no such file)
2022/10/27 23:33:01 [emerg] 1#1: cannot load certificate "/etc/ssl/fullchain.pem": BIO_new_file() failed (SSL: error:02001002:system library:fopen:No such file or directory:fopen('/etc/ssl/fullchain.pem','r') error:2006D080:BIO routines:BIO_new_file:no such file)
2022/10/27 23:33:08 [emerg] 1#1: cannot load certificate "/etc/ssl/fullchain.pem": BIO_new_file() failed (SSL: error:02001002:system library:fopen:No such file or directory:fopen('/etc/ssl/fullchain.pem','r') error:2006D080:BIO routines:BIO_new_file:no such file)
2022/10/27 23:33:21 [emerg] 1#1: cannot load certificate "/etc/ssl/fullchain.pem": BIO_new_file() failed (SSL: error:02001002:system library:fopen:No such file or directory:fopen('/etc/ssl/fullchain.pem','r') error:2006D080:BIO routines:BIO_new_file:no such file)
2022/10/27 23:33:47 [notice] 1#1: using the "epoll" event method
2022/10/27 23:33:47 [notice] 1#1: nginx/1.21.6
2022/10/27 23:33:47 [notice] 1#1: built by gcc 10.2.1 20210110 (Debian 10.2.1-6) 
2022/10/27 23:33:47 [notice] 1#1: OS: Linux 5.10.47-linuxkit
2022/10/27 23:33:47 [notice] 1#1: getrlimit(RLIMIT_NOFILE): 1048576:1048576
2022/10/27 23:33:47 [notice] 1#1: start worker processes
2022/10/27 23:33:47 [notice] 1#1: start worker process 31
2022/10/27 23:33:47 [notice] 1#1: start worker process 32
2022/10/27 23:33:47 [notice] 1#1: start worker process 33
2022/10/27 23:35:33 [notice] 1#1: signal 3 (SIGQUIT) received, shutting down
2022/10/27 23:35:33 [notice] 32#32: gracefully shutting down
2022/10/27 23:35:33 [notice] 31#31: gracefully shutting down
2022/10/27 23:35:33 [notice] 31#31: exiting
2022/10/27 23:35:33 [notice] 33#33: gracefully shutting down
2022/10/27 23:35:33 [notice] 32#32: exiting
2022/10/27 23:35:33 [notice] 32#32: exit
2022/10/27 23:35:33 [notice] 31#31: exit
2022/10/27 23:35:33 [notice] 33#33: exiting
2022/10/27 23:35:33 [notice] 33#33: exit
2022/10/27 23:35:33 [notice] 1#1: signal 17 (SIGCHLD) received from 33
2022/10/27 23:35:33 [notice] 1#1: worker process 32 exited with code 0
2022/10/27 23:35:33 [notice] 1#1: worker process 31 exited with code 0
2022/10/27 23:35:33 [notice] 1#1: worker process 33 exited with code 0
2022/10/27 23:35:34 [notice] 1#1: exit
2022/10/27 23:36:18 [notice] 1#1: using the "epoll" event method
2022/10/27 23:36:18 [notice] 1#1: nginx/1.21.6
2022/10/27 23:36:18 [notice] 1#1: built by gcc 10.2.1 20210110 (Debian 10.2.1-6) 
2022/10/27 23:36:18 [notice] 1#1: OS: Linux 5.10.47-linuxkit
2022/10/27 23:36:18 [notice] 1#1: getrlimit(RLIMIT_NOFILE): 1048576:1048576
2022/10/27 23:36:18 [notice] 1#1: start worker processes
2022/10/27 23:36:18 [notice] 1#1: start worker process 32
2022/10/27 23:36:18 [notice] 1#1: start worker process 33
2022/10/27 23:36:18 [notice] 1#1: start worker process 34
2022/10/28 00:03:18 [notice] 1#1: signal 3 (SIGQUIT) received, shutting down
2022/10/28 00:03:18 [notice] 34#34: gracefully shutting down
2022/10/28 00:03:18 [notice] 34#34: exiting
2022/10/28 00:03:18 [notice] 33#33: gracefully shutting down
2022/10/28 00:03:18 [notice] 33#33: exiting
2022/10/28 00:03:18 [notice] 32#32: gracefully shutting down
2022/10/28 00:03:18 [notice] 32#32: exiting
2022/10/28 00:03:18 [notice] 34#34: exit
2022/10/28 00:03:18 [notice] 33#33: exit
2022/10/28 00:03:18 [notice] 32#32: exit
2022/10/28 00:03:18 [notice] 1#1: signal 17 (SIGCHLD) received from 34
2022/10/28 00:03:18 [notice] 1#1: worker process 34 exited with code 0
2022/10/28 00:03:18 [notice] 1#1: signal 29 (SIGIO) received
2022/10/28 00:03:18 [notice] 1#1: signal 17 (SIGCHLD) received from 33
2022/10/28 00:03:18 [notice] 1#1: worker process 33 exited with code 0
2022/10/28 00:03:18 [notice] 1#1: signal 17 (SIGCHLD) received from 32
2022/10/28 00:03:18 [notice] 1#1: worker process 32 exited with code 0
2022/10/28 00:03:18 [notice] 1#1: exit
2022/10/28 00:03:28 [notice] 1#1: using the "epoll" event method
2022/10/28 00:03:28 [notice] 1#1: nginx/1.21.6
2022/10/28 00:03:28 [notice] 1#1: built by gcc 10.2.1 20210110 (Debian 10.2.1-6) 
2022/10/28 00:03:28 [notice] 1#1: OS: Linux 5.10.47-linuxkit
2022/10/28 00:03:28 [notice] 1#1: getrlimit(RLIMIT_NOFILE): 1048576:1048576
2022/10/28 00:03:28 [notice] 1#1: start worker processes
2022/10/28 00:03:28 [notice] 1#1: start worker process 30
2022/10/28 00:03:28 [notice] 1#1: start worker process 31
2022/10/28 00:03:28 [notice] 1#1: start worker process 32
2022/10/28 00:27:06 [notice] 41#41: signal process started
2022/10/28 00:27:06 [notice] 1#1: signal 1 (SIGHUP) received from 41, reconfiguring
2022/10/28 00:27:06 [notice] 1#1: reconfiguring
2022/10/28 00:27:06 [notice] 1#1: using the "epoll" event method
2022/10/28 00:27:06 [notice] 1#1: start worker processes
2022/10/28 00:27:06 [notice] 1#1: start worker process 42
2022/10/28 00:27:06 [notice] 1#1: start worker process 43
2022/10/28 00:27:06 [notice] 1#1: start worker process 44
2022/10/28 00:27:06 [notice] 30#30: gracefully shutting down
2022/10/28 00:27:06 [notice] 30#30: exiting
2022/10/28 00:27:06 [notice] 31#31: gracefully shutting down
2022/10/28 00:27:06 [notice] 32#32: gracefully shutting down
2022/10/28 00:27:06 [notice] 30#30: exit
2022/10/28 00:27:06 [notice] 31#31: exiting
2022/10/28 00:27:06 [notice] 31#31: exit
2022/10/28 00:27:06 [notice] 32#32: exiting
2022/10/28 00:27:06 [notice] 32#32: exit
2022/10/28 00:27:06 [notice] 1#1: signal 17 (SIGCHLD) received from 30
2022/10/28 00:27:06 [notice] 1#1: worker process 30 exited with code 0
2022/10/28 00:27:06 [notice] 1#1: signal 29 (SIGIO) received
2022/10/28 00:27:06 [notice] 1#1: signal 17 (SIGCHLD) received from 31
2022/10/28 00:27:06 [notice] 1#1: worker process 31 exited with code 0
2022/10/28 00:27:06 [notice] 1#1: signal 29 (SIGIO) received
2022/10/28 00:27:06 [notice] 1#1: signal 17 (SIGCHLD) received from 32
2022/10/28 00:27:06 [notice] 1#1: worker process 32 exited with code 0
2022/10/28 00:27:06 [notice] 1#1: signal 29 (SIGIO) received
2022/10/28 00:30:20 [notice] 45#45: signal process started
2022/10/28 00:30:20 [notice] 1#1: signal 1 (SIGHUP) received from 45, reconfiguring
2022/10/28 00:30:20 [notice] 1#1: reconfiguring
2022/10/28 00:30:20 [notice] 1#1: using the "epoll" event method
2022/10/28 00:30:20 [notice] 1#1: start worker processes
2022/10/28 00:30:20 [notice] 1#1: start worker process 46
2022/10/28 00:30:20 [notice] 1#1: start worker process 47
2022/10/28 00:30:20 [notice] 1#1: start worker process 48
2022/10/28 00:30:20 [notice] 42#42: gracefully shutting down
2022/10/28 00:30:20 [notice] 43#43: gracefully shutting down
2022/10/28 00:30:20 [notice] 43#43: exiting
2022/10/28 00:30:20 [notice] 44#44: gracefully shutting down
2022/10/28 00:30:20 [notice] 42#42: exiting
2022/10/28 00:30:20 [notice] 43#43: exit
2022/10/28 00:30:20 [notice] 44#44: exiting
2022/10/28 00:30:20 [notice] 42#42: exit
2022/10/28 00:30:20 [notice] 44#44: exit
2022/10/28 00:30:20 [notice] 1#1: signal 17 (SIGCHLD) received from 44
2022/10/28 00:30:20 [notice] 1#1: worker process 42 exited with code 0
2022/10/28 00:30:20 [notice] 1#1: worker process 44 exited with code 0
2022/10/28 00:30:20 [notice] 1#1: signal 29 (SIGIO) received
2022/10/28 00:30:20 [notice] 1#1: signal 17 (SIGCHLD) received from 43
2022/10/28 00:30:20 [notice] 1#1: worker process 43 exited with code 0
2022/10/28 00:30:20 [notice] 1#1: signal 29 (SIGIO) received
2022/10/28 00:31:17 [error] 48#48: *43 "/var/www/html/php/index.html" is not found (2: No such file or directory), client: 172.22.0.1, server: , request: "GET / HTTP/1.1", host: "127.0.0.1"
2022/10/28 00:31:19 [error] 48#48: *43 open() "/var/www/html/php/favicon.ico" failed (2: No such file or directory), client: 172.22.0.1, server: , request: "GET /favicon.ico HTTP/1.1", host: "127.0.0.1", referrer: "http://127.0.0.1/"
2022/10/28 00:31:24 [error] 48#48: *43 FastCGI sent in stderr: "Primary script unknown" while reading response header from upstream, client: 172.22.0.1, server: , request: "GET /index.php HTTP/1.1", upstream: "fastcgi://172.22.0.3:9000", host: "127.0.0.1"
2022/10/28 00:31:49 [error] 48#48: *43 FastCGI sent in stderr: "Primary script unknown" while reading response header from upstream, client: 172.22.0.1, server: , request: "GET /index.php HTTP/1.1", upstream: "fastcgi://172.22.0.3:9000", host: "127.0.0.1"
2022/10/28 20:24:39 [notice] 1#1: signal 3 (SIGQUIT) received, shutting down
2022/10/28 20:24:39 [notice] 46#46: gracefully shutting down
2022/10/28 20:24:39 [notice] 47#47: gracefully shutting down
2022/10/28 20:24:39 [notice] 48#48: gracefully shutting down
2022/10/28 20:24:39 [notice] 48#48: exiting
2022/10/28 20:24:39 [notice] 46#46: exiting
2022/10/28 20:24:39 [notice] 47#47: exiting
2022/10/28 20:24:39 [notice] 48#48: exit
2022/10/28 20:24:39 [notice] 46#46: exit
2022/10/28 20:24:39 [notice] 47#47: exit
2022/10/28 20:24:39 [notice] 1#1: signal 17 (SIGCHLD) received from 47
2022/10/28 20:24:39 [notice] 1#1: worker process 47 exited with code 0
2022/10/28 20:24:39 [notice] 1#1: worker process 46 exited with code 0
2022/10/28 20:24:39 [notice] 1#1: signal 29 (SIGIO) received
2022/10/28 20:24:39 [notice] 1#1: signal 17 (SIGCHLD) received from 46
2022/10/28 20:24:39 [notice] 1#1: signal 17 (SIGCHLD) received from 48
2022/10/28 20:24:39 [notice] 1#1: worker process 48 exited with code 0
2022/10/28 20:24:39 [notice] 1#1: exit
2022/10/28 20:41:38 [notice] 1#1: using the "epoll" event method
2022/10/28 20:41:38 [notice] 1#1: nginx/1.21.6
2022/10/28 20:41:38 [notice] 1#1: built by gcc 10.2.1 20210110 (Debian 10.2.1-6) 
2022/10/28 20:41:38 [notice] 1#1: OS: Linux 5.10.47-linuxkit
2022/10/28 20:41:38 [notice] 1#1: getrlimit(RLIMIT_NOFILE): 1048576:1048576
2022/10/28 20:41:38 [notice] 1#1: start worker processes
2022/10/28 20:41:38 [notice] 1#1: start worker process 30
2022/10/28 20:41:38 [notice] 1#1: start worker process 31
2022/10/28 20:41:38 [notice] 1#1: start worker process 32
2022/10/28 20:42:59 [notice] 1#1: signal 3 (SIGQUIT) received, shutting down
2022/10/28 20:42:59 [notice] 31#31: gracefully shutting down
2022/10/28 20:42:59 [notice] 31#31: exiting
2022/10/28 20:42:59 [notice] 30#30: gracefully shutting down
2022/10/28 20:42:59 [notice] 32#32: gracefully shutting down
2022/10/28 20:42:59 [notice] 31#31: exit
2022/10/28 20:42:59 [notice] 32#32: exiting
2022/10/28 20:42:59 [notice] 30#30: exiting
2022/10/28 20:42:59 [notice] 32#32: exit
2022/10/28 20:42:59 [notice] 30#30: exit
2022/10/28 20:42:59 [notice] 1#1: signal 17 (SIGCHLD) received from 31
2022/10/28 20:42:59 [notice] 1#1: worker process 31 exited with code 0
2022/10/28 20:42:59 [notice] 1#1: signal 29 (SIGIO) received
2022/10/28 20:42:59 [notice] 1#1: signal 17 (SIGCHLD) received from 30
2022/10/28 20:42:59 [notice] 1#1: worker process 30 exited with code 0
2022/10/28 20:42:59 [notice] 1#1: signal 29 (SIGIO) received
2022/10/28 20:42:59 [notice] 1#1: signal 17 (SIGCHLD) received from 32
2022/10/28 20:42:59 [notice] 1#1: worker process 32 exited with code 0
2022/10/28 20:42:59 [notice] 1#1: exit
2022/10/28 20:44:07 [notice] 1#1: using the "epoll" event method
2022/10/28 20:44:07 [notice] 1#1: nginx/1.21.6
2022/10/28 20:44:07 [notice] 1#1: built by gcc 10.2.1 20210110 (Debian 10.2.1-6) 
2022/10/28 20:44:07 [notice] 1#1: OS: Linux 5.10.47-linuxkit
2022/10/28 20:44:07 [notice] 1#1: getrlimit(RLIMIT_NOFILE): 1048576:1048576
2022/10/28 20:44:07 [notice] 1#1: start worker processes
2022/10/28 20:44:07 [notice] 1#1: start worker process 30
2022/10/28 20:44:07 [notice] 1#1: start worker process 31
2022/10/28 20:44:07 [notice] 1#1: start worker process 32
2022/10/28 20:45:53 [notice] 1#1: signal 3 (SIGQUIT) received, shutting down
2022/10/28 20:45:53 [notice] 30#30: gracefully shutting down
2022/10/28 20:45:53 [notice] 30#30: exiting
2022/10/28 20:45:53 [notice] 31#31: gracefully shutting down
2022/10/28 20:45:53 [notice] 31#31: exiting
2022/10/28 20:45:53 [notice] 32#32: gracefully shutting down
2022/10/28 20:45:53 [notice] 30#30: exit
2022/10/28 20:45:53 [notice] 31#31: exit
2022/10/28 20:45:53 [notice] 32#32: exiting
2022/10/28 20:45:53 [notice] 32#32: exit
2022/10/28 20:45:53 [notice] 1#1: signal 17 (SIGCHLD) received from 31
2022/10/28 20:45:53 [notice] 1#1: worker process 30 exited with code 0
2022/10/28 20:45:53 [notice] 1#1: worker process 31 exited with code 0
2022/10/28 20:45:53 [notice] 1#1: signal 29 (SIGIO) received
2022/10/28 20:45:53 [notice] 1#1: signal 17 (SIGCHLD) received from 32
2022/10/28 20:45:53 [notice] 1#1: worker process 32 exited with code 0
2022/10/28 20:45:53 [notice] 1#1: exit
2022/10/28 20:57:50 [notice] 1#1: using the "epoll" event method
2022/10/28 20:57:50 [notice] 1#1: nginx/1.21.6
2022/10/28 20:57:50 [notice] 1#1: built by gcc 10.2.1 20210110 (Debian 10.2.1-6) 
2022/10/28 20:57:50 [notice] 1#1: OS: Linux 5.10.47-linuxkit
2022/10/28 20:57:50 [notice] 1#1: getrlimit(RLIMIT_NOFILE): 1048576:1048576
2022/10/28 20:57:50 [notice] 1#1: start worker processes
2022/10/28 20:57:50 [notice] 1#1: start worker process 32
2022/10/28 20:57:50 [notice] 1#1: start worker process 33
2022/10/28 20:57:50 [notice] 1#1: start worker process 34
2022/10/28 21:00:28 [notice] 1#1: signal 3 (SIGQUIT) received, shutting down
2022/10/28 21:00:28 [notice] 32#32: gracefully shutting down
2022/10/28 21:00:28 [notice] 32#32: exiting
2022/10/28 21:00:28 [notice] 34#34: gracefully shutting down
2022/10/28 21:00:28 [notice] 33#33: gracefully shutting down
2022/10/28 21:00:28 [notice] 32#32: exit
2022/10/28 21:00:28 [notice] 34#34: exiting
2022/10/28 21:00:28 [notice] 33#33: exiting
2022/10/28 21:00:28 [notice] 34#34: exit
2022/10/28 21:00:28 [notice] 33#33: exit
2022/10/28 21:00:28 [notice] 1#1: signal 17 (SIGCHLD) received from 32
2022/10/28 21:00:28 [notice] 1#1: worker process 32 exited with code 0
2022/10/28 21:00:28 [notice] 1#1: signal 29 (SIGIO) received
2022/10/28 21:00:28 [notice] 1#1: signal 17 (SIGCHLD) received from 34
2022/10/28 21:00:28 [notice] 1#1: worker process 34 exited with code 0
2022/10/28 21:00:28 [notice] 1#1: signal 29 (SIGIO) received
2022/10/28 21:00:28 [notice] 1#1: signal 17 (SIGCHLD) received from 33
2022/10/28 21:00:28 [notice] 1#1: worker process 33 exited with code 0
2022/10/28 21:00:28 [notice] 1#1: exit
2022/10/28 21:00:34 [notice] 1#1: using the "epoll" event method
2022/10/28 21:00:34 [notice] 1#1: nginx/1.21.6
2022/10/28 21:00:34 [notice] 1#1: built by gcc 10.2.1 20210110 (Debian 10.2.1-6) 
2022/10/28 21:00:34 [notice] 1#1: OS: Linux 5.10.47-linuxkit
2022/10/28 21:00:34 [notice] 1#1: getrlimit(RLIMIT_NOFILE): 1048576:1048576
2022/10/28 21:00:34 [notice] 1#1: start worker processes
2022/10/28 21:00:34 [notice] 1#1: start worker process 32
2022/10/28 21:00:34 [notice] 1#1: start worker process 33
2022/10/28 21:00:34 [notice] 1#1: start worker process 34
2022/10/28 21:00:46 [error] 32#32: *4 open() "/var/www/html/install" failed (2: No such file or directory), client: 172.30.0.1, server: $host, request: "GET /install HTTP/1.1", host: "127.0.0.1"
2022/10/28 21:01:26 [error] 32#32: *4 open() "/var/www/html/install" failed (2: No such file or directory), client: 172.30.0.1, server: $host, request: "GET /install HTTP/1.1", host: "127.0.0.1"
2022/10/28 21:03:36 [error] 34#34: *6 open() "/var/www/html/install" failed (2: No such file or directory), client: 172.30.0.1, server: $host, request: "GET /install HTTP/1.1", host: "127.0.0.1"
2022/10/28 21:05:58 [notice] 1#1: signal 3 (SIGQUIT) received, shutting down
2022/10/28 21:05:58 [notice] 33#33: gracefully shutting down
2022/10/28 21:05:58 [notice] 33#33: exiting
2022/10/28 21:05:58 [notice] 34#34: gracefully shutting down
2022/10/28 21:05:58 [notice] 32#32: gracefully shutting down
2022/10/28 21:05:58 [notice] 33#33: exit
2022/10/28 21:05:58 [notice] 34#34: exiting
2022/10/28 21:05:58 [notice] 32#32: exiting
2022/10/28 21:05:58 [notice] 34#34: exit
2022/10/28 21:05:58 [notice] 32#32: exit
2022/10/28 21:05:58 [notice] 1#1: signal 17 (SIGCHLD) received from 33
2022/10/28 21:05:58 [notice] 1#1: worker process 33 exited with code 0
2022/10/28 21:05:58 [notice] 1#1: signal 29 (SIGIO) received
2022/10/28 21:05:58 [notice] 1#1: signal 17 (SIGCHLD) received from 32
2022/10/28 21:05:58 [notice] 1#1: worker process 32 exited with code 0
2022/10/28 21:05:58 [notice] 1#1: worker process 34 exited with code 0
2022/10/28 21:05:58 [notice] 1#1: signal 17 (SIGCHLD) received from 34
2022/10/28 21:05:58 [notice] 1#1: exit
2022/10/28 21:06:05 [notice] 1#1: using the "epoll" event method
2022/10/28 21:06:05 [notice] 1#1: nginx/1.21.6
2022/10/28 21:06:05 [notice] 1#1: built by gcc 10.2.1 20210110 (Debian 10.2.1-6) 
2022/10/28 21:06:05 [notice] 1#1: OS: Linux 5.10.47-linuxkit
2022/10/28 21:06:05 [notice] 1#1: getrlimit(RLIMIT_NOFILE): 1048576:1048576
2022/10/28 21:06:05 [notice] 1#1: start worker processes
2022/10/28 21:06:05 [notice] 1#1: start worker process 30
2022/10/28 21:06:05 [notice] 1#1: start worker process 31
2022/10/28 21:06:05 [notice] 1#1: start worker process 32
2022/10/28 21:06:07 [error] 30#30: *2 open() "/var/www/html/install" failed (2: No such file or directory), client: 172.31.0.1, server: $host, request: "GET /install HTTP/1.1", host: "127.0.0.1"
2022/10/28 21:06:18 [error] 30#30: *2 open() "/var/www/html/install" failed (2: No such file or directory), client: 172.31.0.1, server: $host, request: "GET /install HTTP/1.1", host: "127.0.0.1"
2022/10/28 21:07:05 [notice] 1#1: signal 3 (SIGQUIT) received, shutting down
2022/10/28 21:07:05 [notice] 30#30: gracefully shutting down
2022/10/28 21:07:05 [notice] 31#31: gracefully shutting down
2022/10/28 21:07:05 [notice] 32#32: gracefully shutting down
2022/10/28 21:07:05 [notice] 30#30: exiting
2022/10/28 21:07:05 [notice] 32#32: exiting
2022/10/28 21:07:05 [notice] 30#30: exit
2022/10/28 21:07:05 [notice] 32#32: exit
2022/10/28 21:07:05 [notice] 1#1: signal 17 (SIGCHLD) received from 32
2022/10/28 21:07:05 [notice] 1#1: worker process 30 exited with code 0
2022/10/28 21:07:05 [notice] 1#1: worker process 32 exited with code 0
2022/10/28 21:07:05 [notice] 1#1: signal 29 (SIGIO) received
2022/10/28 21:07:05 [notice] 1#1: signal 17 (SIGCHLD) received from 30
2022/10/28 21:07:07 [notice] 31#31: exiting
2022/10/28 21:07:07 [notice] 31#31: exit
2022/10/28 21:07:07 [notice] 1#1: signal 17 (SIGCHLD) received from 31
2022/10/28 21:07:07 [notice] 1#1: worker process 31 exited with code 0
2022/10/28 21:07:07 [notice] 1#1: exit
2022/10/28 21:09:50 [notice] 1#1: using the "epoll" event method
2022/10/28 21:09:50 [notice] 1#1: nginx/1.21.6
2022/10/28 21:09:50 [notice] 1#1: built by gcc 10.2.1 20210110 (Debian 10.2.1-6) 
2022/10/28 21:09:50 [notice] 1#1: OS: Linux 5.10.47-linuxkit
2022/10/28 21:09:50 [notice] 1#1: getrlimit(RLIMIT_NOFILE): 1048576:1048576
2022/10/28 21:09:50 [notice] 1#1: start worker processes
2022/10/28 21:09:50 [notice] 1#1: start worker process 30
2022/10/28 21:09:50 [notice] 1#1: start worker process 31
2022/10/28 21:09:50 [notice] 1#1: start worker process 32
2022/10/28 21:10:01 [error] 30#30: *1 "/var/www/html/install/index.php" is not found (2: No such file or directory), client: 192.168.16.1, server: $host, request: "GET /install/ HTTP/1.1", host: "127.0.0.1"
2022/10/28 21:11:53 [notice] 1#1: signal 3 (SIGQUIT) received, shutting down
2022/10/28 21:11:53 [notice] 30#30: gracefully shutting down
2022/10/28 21:11:53 [notice] 31#31: gracefully shutting down
2022/10/28 21:11:53 [notice] 32#32: gracefully shutting down
2022/10/28 21:11:53 [notice] 30#30: exiting
2022/10/28 21:11:53 [notice] 31#31: exiting
2022/10/28 21:11:53 [notice] 32#32: exiting
2022/10/28 21:11:53 [notice] 30#30: exit
2022/10/28 21:11:53 [notice] 31#31: exit
2022/10/28 21:11:53 [notice] 32#32: exit
2022/10/28 21:11:53 [notice] 1#1: signal 17 (SIGCHLD) received from 30
2022/10/28 21:11:53 [notice] 1#1: worker process 30 exited with code 0
2022/10/28 21:11:53 [notice] 1#1: signal 29 (SIGIO) received
2022/10/28 21:11:53 [notice] 1#1: signal 17 (SIGCHLD) received from 31
2022/10/28 21:11:53 [notice] 1#1: worker process 31 exited with code 0
2022/10/28 21:11:53 [notice] 1#1: signal 17 (SIGCHLD) received from 32
2022/10/28 21:11:53 [notice] 1#1: worker process 32 exited with code 0
2022/10/28 21:11:53 [notice] 1#1: exit
2022/10/28 21:12:01 [notice] 1#1: using the "epoll" event method
2022/10/28 21:12:01 [notice] 1#1: nginx/1.21.6
2022/10/28 21:12:01 [notice] 1#1: built by gcc 10.2.1 20210110 (Debian 10.2.1-6) 
2022/10/28 21:12:01 [notice] 1#1: OS: Linux 5.10.47-linuxkit
2022/10/28 21:12:01 [notice] 1#1: getrlimit(RLIMIT_NOFILE): 1048576:1048576
2022/10/28 21:12:01 [notice] 1#1: start worker processes
2022/10/28 21:12:01 [notice] 1#1: start worker process 32
2022/10/28 21:12:01 [notice] 1#1: start worker process 33
2022/10/28 21:12:01 [notice] 1#1: start worker process 34
2022/10/28 21:12:04 [error] 32#32: *1 "/var/www/html/install/index.php" is not found (2: No such file or directory), client: 192.168.32.1, server: phpfpm.local, request: "GET /install/ HTTP/1.1", host: "127.0.0.1"
2022/11/02 21:22:26 [notice] 1#1: signal 3 (SIGQUIT) received, shutting down
2022/11/02 21:22:26 [notice] 33#33: gracefully shutting down
2022/11/02 21:22:26 [notice] 34#34: gracefully shutting down
2022/11/02 21:22:26 [notice] 32#32: gracefully shutting down
2022/11/02 21:22:26 [notice] 34#34: exiting
2022/11/02 21:22:26 [notice] 33#33: exiting
2022/11/02 21:22:26 [notice] 32#32: exiting
2022/11/02 21:22:26 [notice] 34#34: exit
2022/11/02 21:22:26 [notice] 33#33: exit
2022/11/02 21:22:26 [notice] 32#32: exit
2022/11/02 21:22:26 [notice] 1#1: signal 17 (SIGCHLD) received from 34
2022/11/02 21:22:26 [notice] 1#1: worker process 32 exited with code 0
2022/11/02 21:22:26 [notice] 1#1: worker process 33 exited with code 0
2022/11/02 21:22:26 [notice] 1#1: worker process 34 exited with code 0
2022/11/02 21:22:26 [notice] 1#1: exit
